<?xml version="1.0" encoding="UTF-8"?>
<!-- Generated by org.testng.reporters.JUnitReportReporter -->
<testsuite hostname="DESKTOP-P6FATIM" failures="0" tests="5" name="test.UserTest" time="15.314" errors="0" timestamp="2026-05-18T17:20:13 IST" skipped="0">
  <testcase classname="test.UserTest" name="TestCreateBooking" time="6.921"/>
  <testcase classname="test.UserTest" name="TestGetBookingwithid" time="1.279"/>
  <testcase classname="test.UserTest" name="TestupdateBooking" time="2.455"/>
  <testcase classname="test.UserTest" name="testPartialUpdateBooking" time="2.315"/>
  <testcase classname="test.UserTest" name="testdeleteBooking" time="2.344"/>
</testsuite> <!-- test.UserTest -->
