<?xml version="1.0" encoding="UTF-8"?>
<testng-results ignored="0" total="1" passed="1" failed="0" skipped="0">
  <reporter-output>
  </reporter-output>
  <suite started-at="2026-05-05T00:41:52 IST" name="Default suite" finished-at="2026-05-05T00:41:58 IST" duration-ms="6221">
    <groups>
    </groups>
    <test started-at="2026-05-05T00:41:52 IST" name="Default test" finished-at="2026-05-05T00:41:58 IST" duration-ms="6221">
      <class name="test.UserTest">
        <test-method is-config="true" signature="setupdata()[pri:0, instance:test.UserTest@5e5d171f]" started-at="2026-05-05T00:41:52 IST" name="setupdata" finished-at="2026-05-05T00:41:53 IST" duration-ms="460" status="PASS">
          <reporter-output>
          </reporter-output>
        </test-method> <!-- setupdata -->
        <test-method signature="CreateBooking()[pri:1, instance:test.UserTest@5e5d171f]" started-at="2026-05-05T00:41:53 IST" name="CreateBooking" finished-at="2026-05-05T00:41:58 IST" duration-ms="5675" status="PASS">
          <reporter-output>
          </reporter-output>
        </test-method> <!-- CreateBooking -->
      </class> <!-- test.UserTest -->
    </test> <!-- Default test -->
  </suite> <!-- Default suite -->
</testng-results>
